<?xml version="1.0" encoding="UTF-8"?>
<!-- Generated by org.testng.reporters.JUnitXMLReporter -->
<testsuite ignored="0" hostname="saipavane" failures="0" tests="3" name="Sanity Tests" time="80.489" errors="0" timestamp="2025-11-27T12:57:14 IST">
  <testcase classname="com.isrtc.tests.TC001_SearchWithValidData" name="verifySearchWithValidData" time="17.423"/>
  <testcase classname="com.isrtc.tests.TC002_BoardingAndDropping_Selection" name="verifyBoardingAndDroppingSelection" time="24.583"/>
  <testcase classname="com.isrtc.tests.TC003_ContactDetails_ValidData" name="enterContactDetailsValid" time="20.773"/>
</testsuite> <!-- Sanity Tests -->
